<?xml version="1.0" encoding="UTF-8"?>
<!-- Generated by org.testng.reporters.JUnitReportReporter -->
<testsuite skipped="0" hostname="PC-20180824ZNAZ" name="com.jingzhaopan.selenium.test001" tests="1" failures="0" timestamp="08 九月 2018 07:47:27 GMT" time="25.188" errors="0">
  <testcase name="init" time="25.188" classname="com.jingzhaopan.selenium.test001"/>
</testsuite> <!-- com.jingzhaopan.selenium.test001 -->
