<?xml version="1.0" encoding="UTF-8"?>
<!-- Generated by org.testng.reporters.JUnitReportReporter -->
<testsuite skipped="0" hostname="PC-20180824ZNAZ" name="com.dangjian.selenium.testCase.login" tests="1" failures="0" timestamp="12 九月 2018 10:08:41 GMT" time="27.389" errors="0">
  <testcase name="organizationalActivity" time="27.389" classname="com.dangjian.selenium.testCase.login"/>
</testsuite> <!-- com.dangjian.selenium.testCase.login -->
