<?xml version="1.0" encoding="UTF-8"?>
<!-- Generated by org.testng.reporters.JUnitReportReporter -->
<testsuite skipped="0" hostname="PC-20180824ZNAZ" name="com.dangjian.selenium.testCase.login" tests="1" failures="0" timestamp="13 九月 2018 01:19:18 GMT" time="28.581" errors="0">
  <testcase name="organizationalActivity" time="28.581" classname="com.dangjian.selenium.testCase.login"/>
</testsuite> <!-- com.dangjian.selenium.testCase.login -->
